{"L":"\u001b[34mINFO\u001b[0m","T":"2025-06-12T19:40:54.217+0330","C":"middleware/zaplogger.go:47","M":"ok","remote_ip":"::1","latency":"2.006ms","host":"localhost:8080","uri":"/users/profile","method":"GET","status":200,"user_agent":"PostmanRuntime/7.43.4"}
{"L":"\u001b[34mINFO\u001b[0m","T":"2025-06-12T19:40:54.230+0330","C":"middleware/zaplogger.go:47","M":"ok","remote_ip":"::1","latency":"646.542µs","host":"localhost:8080","uri":"/game/match-making","method":"POST","status":200,"user_agent":"PostmanRuntime/7.43.4"}
{"L":"\u001b[34mINFO\u001b[0m","T":"2025-06-12T19:40:54.391+0330","C":"middleware/zaplogger.go:47","M":"ok","remote_ip":"::1","latency":"148.720417ms","host":"localhost:8080","uri":"/users/login","method":"POST","status":200,"user_agent":"PostmanRuntime/7.43.4"}
{"L":"\u001b[34mINFO\u001b[0m","T":"2025-06-12T19:40:54.406+0330","C":"middleware/zaplogger.go:47","M":"ok","remote_ip":"::1","latency":"2.311542ms","host":"localhost:8080","uri":"/users/profile","method":"GET","status":200,"user_agent":"PostmanRuntime/7.43.4"}
{"L":"\u001b[34mINFO\u001b[0m","T":"2025-06-12T19:40:54.417+0330","C":"middleware/zaplogger.go:47","M":"ok","remote_ip":"::1","latency":"619.958µs","host":"localhost:8080","uri":"/game/match-making","method":"POST","status":200,"user_agent":"PostmanRuntime/7.43.4"}
{"L":"\u001b[34mINFO\u001b[0m","T":"2025-06-12T19:40:54.578+0330","C":"middleware/zaplogger.go:47","M":"ok","remote_ip":"::1","latency":"149.911875ms","host":"localhost:8080","uri":"/users/login","method":"POST","status":200,"user_agent":"PostmanRuntime/7.43.4"}
{"L":"\u001b[34mINFO\u001b[0m","T":"2025-06-12T19:40:54.593+0330","C":"middleware/zaplogger.go:47","M":"ok","remote_ip":"::1","latency":"2.578ms","host":"localhost:8080","uri":"/users/profile","method":"GET","status":200,"user_agent":"PostmanRuntime/7.43.4"}
{"L":"\u001b[34mINFO\u001b[0m","T":"2025-06-12T19:40:54.607+0330","C":"middleware/zaplogger.go:47","M":"ok","remote_ip":"::1","latency":"822.666µs","host":"localhost:8080","uri":"/game/match-making","method":"POST","status":200,"user_agent":"PostmanRuntime/7.43.4"}
{"L":"\u001b[34mINFO\u001b[0m","T":"2025-06-12T19:40:54.770+0330","C":"middleware/zaplogger.go:47","M":"ok","remote_ip":"::1","latency":"152.868166ms","host":"localhost:8080","uri":"/users/login","method":"POST","status":200,"user_agent":"PostmanRuntime/7.43.4"}
{"L":"\u001b[34mINFO\u001b[0m","T":"2025-06-12T19:40:54.786+0330","C":"middleware/zaplogger.go:47","M":"ok","remote_ip":"::1","latency":"2.793584ms","host":"localhost:8080","uri":"/users/profile","method":"GET","status":200,"user_agent":"PostmanRuntime/7.43.4"}
{"L":"\u001b[34mINFO\u001b[0m","T":"2025-06-12T19:40:54.798+0330","C":"middleware/zaplogger.go:47","M":"ok","remote_ip":"::1","latency":"903.291µs","host":"localhost:8080","uri":"/game/match-making","method":"POST","status":200,"user_agent":"PostmanRuntime/7.43.4"}
{"L":"\u001b[34mINFO\u001b[0m","T":"2025-06-12T19:40:54.960+0330","C":"middleware/zaplogger.go:47","M":"ok","remote_ip":"::1","latency":"148.946583ms","host":"localhost:8080","uri":"/users/login","method":"POST","status":200,"user_agent":"PostmanRuntime/7.43.4"}
{"L":"\u001b[34mINFO\u001b[0m","T":"2025-06-12T19:40:54.971+0330","C":"middleware/zaplogger.go:47","M":"ok","remote_ip":"::1","latency":"1.449916ms","host":"localhost:8080","uri":"/users/profile","method":"GET","status":200,"user_agent":"PostmanRuntime/7.43.4"}
{"L":"\u001b[34mINFO\u001b[0m","T":"2025-06-12T19:40:54.985+0330","C":"middleware/zaplogger.go:47","M":"ok","remote_ip":"::1","latency":"849.666µs","host":"localhost:8080","uri":"/game/match-making","method":"POST","status":200,"user_agent":"PostmanRuntime/7.43.4"}
{"L":"\u001b[34mINFO\u001b[0m","T":"2025-06-12T19:40:55.160+0330","C":"middleware/zaplogger.go:47","M":"ok","remote_ip":"::1","latency":"165.669916ms","host":"localhost:8080","uri":"/users/login","method":"POST","status":200,"user_agent":"PostmanRuntime/7.43.4"}
{"L":"\u001b[34mINFO\u001b[0m","T":"2025-06-12T19:40:55.175+0330","C":"middleware/zaplogger.go:47","M":"ok","remote_ip":"::1","latency":"2.372125ms","host":"localhost:8080","uri":"/users/profile","method":"GET","status":200,"user_agent":"PostmanRuntime/7.43.4"}
{"L":"\u001b[34mINFO\u001b[0m","T":"2025-06-12T19:40:55.188+0330","C":"middleware/zaplogger.go:47","M":"ok","remote_ip":"::1","latency":"819.083µs","host":"localhost:8080","uri":"/game/match-making","method":"POST","status":200,"user_agent":"PostmanRuntime/7.43.4"}
{"L":"\u001b[34mINFO\u001b[0m","T":"2025-06-12T19:40:55.354+0330","C":"middleware/zaplogger.go:47","M":"ok","remote_ip":"::1","latency":"152.721417ms","host":"localhost:8080","uri":"/users/login","method":"POST","status":200,"user_agent":"PostmanRuntime/7.43.4"}
{"L":"\u001b[34mINFO\u001b[0m","T":"2025-06-12T19:40:55.368+0330","C":"middleware/zaplogger.go:47","M":"ok","remote_ip":"::1","latency":"2.105458ms","host":"localhost:8080","uri":"/users/profile","method":"GET","status":200,"user_agent":"PostmanRuntime/7.43.4"}
{"L":"\u001b[34mINFO\u001b[0m","T":"2025-06-12T19:40:55.382+0330","C":"middleware/zaplogger.go:47","M":"ok","remote_ip":"::1","latency":"2.135083ms","host":"localhost:8080","uri":"/game/match-making","method":"POST","status":200,"user_agent":"PostmanRuntime/7.43.4"}
{"L":"\u001b[34mINFO\u001b[0m","T":"2025-06-12T19:40:55.542+0330","C":"middleware/zaplogger.go:47","M":"ok","remote_ip":"::1","latency":"147.319041ms","host":"localhost:8080","uri":"/users/login","method":"POST","status":200,"user_agent":"PostmanRuntime/7.43.4"}
{"L":"\u001b[34mINFO\u001b[0m","T":"2025-06-12T19:40:55.558+0330","C":"middleware/zaplogger.go:47","M":"ok","remote_ip":"::1","latency":"2.662709ms","host":"localhost:8080","uri":"/users/profile","method":"GET","status":200,"user_agent":"PostmanRuntime/7.43.4"}
{"L":"\u001b[34mINFO\u001b[0m","T":"2025-06-12T19:40:55.571+0330","C":"middleware/zaplogger.go:47","M":"ok","remote_ip":"::1","latency":"1.160167ms","host":"localhost:8080","uri":"/game/match-making","method":"POST","status":200,"user_agent":"PostmanRuntime/7.43.4"}
{"L":"\u001b[34mINFO\u001b[0m","T":"2025-06-12T19:40:55.838+0330","C":"middleware/zaplogger.go:47","M":"ok","remote_ip":"::1","latency":"256.482833ms","host":"localhost:8080","uri":"/users/login","method":"POST","status":200,"user_agent":"PostmanRuntime/7.43.4"}
{"L":"\u001b[34mINFO\u001b[0m","T":"2025-06-12T19:40:55.851+0330","C":"middleware/zaplogger.go:47","M":"ok","remote_ip":"::1","latency":"1.602542ms","host":"localhost:8080","uri":"/users/profile","method":"GET","status":200,"user_agent":"PostmanRuntime/7.43.4"}
{"L":"\u001b[34mINFO\u001b[0m","T":"2025-06-12T19:40:55.863+0330","C":"middleware/zaplogger.go:47","M":"ok","remote_ip":"::1","latency":"607.208µs","host":"localhost:8080","uri":"/game/match-making","method":"POST","status":200,"user_agent":"PostmanRuntime/7.43.4"}
{"L":"\u001b[34mINFO\u001b[0m","T":"2025-06-12T19:41:23.435+0330","C":"middleware/zaplogger.go:47","M":"ok","remote_ip":"::1","latency":"173.905542ms","host":"localhost:8080","uri":"/users/login","method":"POST","status":200,"user_agent":"PostmanRuntime/7.43.4"}
{"L":"\u001b[34mINFO\u001b[0m","T":"2025-06-12T19:41:23.473+0330","C":"middleware/zaplogger.go:47","M":"ok","remote_ip":"::1","latency":"3.497584ms","host":"localhost:8080","uri":"/users/profile","method":"GET","status":200,"user_agent":"PostmanRuntime/7.43.4"}
{"L":"\u001b[34mINFO\u001b[0m","T":"2025-06-12T19:41:23.488+0330","C":"middleware/zaplogger.go:47","M":"ok","remote_ip":"::1","latency":"1.273833ms","host":"localhost:8080","uri":"/game/match-making","method":"POST","status":200,"user_agent":"PostmanRuntime/7.43.4"}
{"L":"\u001b[34mINFO\u001b[0m","T":"2025-06-12T19:41:23.652+0330","C":"middleware/zaplogger.go:47","M":"ok","remote_ip":"::1","latency":"150.738458ms","host":"localhost:8080","uri":"/users/login","method":"POST","status":200,"user_agent":"PostmanRuntime/7.43.4"}
{"L":"\u001b[34mINFO\u001b[0m","T":"2025-06-12T19:41:23.668+0330","C":"middleware/zaplogger.go:47","M":"ok","remote_ip":"::1","latency":"2.858792ms","host":"localhost:8080","uri":"/users/profile","method":"GET","status":200,"user_agent":"PostmanRuntime/7.43.4"}
{"L":"\u001b[34mINFO\u001b[0m","T":"2025-06-12T19:41:23.681+0330","C":"middleware/zaplogger.go:47","M":"ok","remote_ip":"::1","latency":"886.875µs","host":"localhost:8080","uri":"/game/match-making","method":"POST","status":200,"user_agent":"PostmanRuntime/7.43.4"}
{"L":"\u001b[34mINFO\u001b[0m","T":"2025-06-12T19:41:23.990+0330","C":"middleware/zaplogger.go:47","M":"ok","remote_ip":"::1","latency":"295.695167ms","host":"localhost:8080","uri":"/users/login","method":"POST","status":200,"user_agent":"PostmanRuntime/7.43.4"}
{"L":"\u001b[34mINFO\u001b[0m","T":"2025-06-12T19:41:24.004+0330","C":"middleware/zaplogger.go:47","M":"ok","remote_ip":"::1","latency":"2.063875ms","host":"localhost:8080","uri":"/users/profile","method":"GET","status":200,"user_agent":"PostmanRuntime/7.43.4"}
{"L":"\u001b[34mINFO\u001b[0m","T":"2025-06-12T19:41:24.017+0330","C":"middleware/zaplogger.go:47","M":"ok","remote_ip":"::1","latency":"864.375µs","host":"localhost:8080","uri":"/game/match-making","method":"POST","status":200,"user_agent":"PostmanRuntime/7.43.4"}
{"L":"\u001b[34mINFO\u001b[0m","T":"2025-06-12T19:41:24.179+0330","C":"middleware/zaplogger.go:47","M":"ok","remote_ip":"::1","latency":"148.443291ms","host":"localhost:8080","uri":"/users/login","method":"POST","status":200,"user_agent":"PostmanRuntime/7.43.4"}
{"L":"\u001b[34mINFO\u001b[0m","T":"2025-06-12T19:41:24.195+0330","C":"middleware/zaplogger.go:47","M":"ok","remote_ip":"::1","latency":"2.879833ms","host":"localhost:8080","uri":"/users/profile","method":"GET","status":200,"user_agent":"PostmanRuntime/7.43.4"}
{"L":"\u001b[34mINFO\u001b[0m","T":"2025-06-12T19:41:24.211+0330","C":"middleware/zaplogger.go:47","M":"ok","remote_ip":"::1","latency":"2.582667ms","host":"localhost:8080","uri":"/game/match-making","method":"POST","status":200,"user_agent":"PostmanRuntime/7.43.4"}
{"L":"\u001b[34mINFO\u001b[0m","T":"2025-06-12T19:41:24.387+0330","C":"middleware/zaplogger.go:47","M":"ok","remote_ip":"::1","latency":"163.523958ms","host":"localhost:8080","uri":"/users/login","method":"POST","status":200,"user_agent":"PostmanRuntime/7.43.4"}
{"L":"\u001b[34mINFO\u001b[0m","T":"2025-06-12T19:41:24.402+0330","C":"middleware/zaplogger.go:47","M":"ok","remote_ip":"::1","latency":"2.691083ms","host":"localhost:8080","uri":"/users/profile","method":"GET","status":200,"user_agent":"PostmanRuntime/7.43.4"}
{"L":"\u001b[34mINFO\u001b[0m","T":"2025-06-12T19:41:24.416+0330","C":"middleware/zaplogger.go:47","M":"ok","remote_ip":"::1","latency":"947.292µs","host":"localhost:8080","uri":"/game/match-making","method":"POST","status":200,"user_agent":"PostmanRuntime/7.43.4"}
{"L":"\u001b[34mINFO\u001b[0m","T":"2025-06-12T19:41:24.574+0330","C":"middleware/zaplogger.go:47","M":"ok","remote_ip":"::1","latency":"148.397166ms","host":"localhost:8080","uri":"/users/login","method":"POST","status":200,"user_agent":"PostmanRuntime/7.43.4"}
{"L":"\u001b[34mINFO\u001b[0m","T":"2025-06-12T19:41:24.588+0330","C":"middleware/zaplogger.go:47","M":"ok","remote_ip":"::1","latency":"2.577917ms","host":"localhost:8080","uri":"/users/profile","method":"GET","status":200,"user_agent":"PostmanRuntime/7.43.4"}
{"L":"\u001b[34mINFO\u001b[0m","T":"2025-06-12T19:41:24.602+0330","C":"middleware/zaplogger.go:47","M":"ok","remote_ip":"::1","latency":"900.375µs","host":"localhost:8080","uri":"/game/match-making","method":"POST","status":200,"user_agent":"PostmanRuntime/7.43.4"}
{"L":"\u001b[34mINFO\u001b[0m","T":"2025-06-12T19:41:24.767+0330","C":"middleware/zaplogger.go:47","M":"ok","remote_ip":"::1","latency":"155.456541ms","host":"localhost:8080","uri":"/users/login","method":"POST","status":200,"user_agent":"PostmanRuntime/7.43.4"}
{"L":"\u001b[34mINFO\u001b[0m","T":"2025-06-12T19:41:24.783+0330","C":"middleware/zaplogger.go:47","M":"ok","remote_ip":"::1","latency":"2.595125ms","host":"localhost:8080","uri":"/users/profile","method":"GET","status":200,"user_agent":"PostmanRuntime/7.43.4"}
{"L":"\u001b[34mINFO\u001b[0m","T":"2025-06-12T19:41:24.819+0330","C":"middleware/zaplogger.go:47","M":"ok","remote_ip":"::1","latency":"22.757166ms","host":"localhost:8080","uri":"/game/match-making","method":"POST","status":200,"user_agent":"PostmanRuntime/7.43.4"}
{"L":"\u001b[34mINFO\u001b[0m","T":"2025-06-12T19:41:24.998+0330","C":"middleware/zaplogger.go:47","M":"ok","remote_ip":"::1","latency":"159.173167ms","host":"localhost:8080","uri":"/users/login","method":"POST","status":200,"user_agent":"PostmanRuntime/7.43.4"}
{"L":"\u001b[34mINFO\u001b[0m","T":"2025-06-12T19:41:25.012+0330","C":"middleware/zaplogger.go:47","M":"ok","remote_ip":"::1","latency":"2.724ms","host":"localhost:8080","uri":"/users/profile","method":"GET","status":200,"user_agent":"PostmanRuntime/7.43.4"}
{"L":"\u001b[34mINFO\u001b[0m","T":"2025-06-12T19:41:25.026+0330","C":"middleware/zaplogger.go:47","M":"ok","remote_ip":"::1","latency":"2.502167ms","host":"localhost:8080","uri":"/game/match-making","method":"POST","status":200,"user_agent":"PostmanRuntime/7.43.4"}
{"L":"\u001b[34mINFO\u001b[0m","T":"2025-06-12T19:41:25.200+0330","C":"middleware/zaplogger.go:47","M":"ok","remote_ip":"::1","latency":"162.2405ms","host":"localhost:8080","uri":"/users/login","method":"POST","status":200,"user_agent":"PostmanRuntime/7.43.4"}
{"L":"\u001b[34mINFO\u001b[0m","T":"2025-06-12T19:41:25.214+0330","C":"middleware/zaplogger.go:47","M":"ok","remote_ip":"::1","latency":"1.641209ms","host":"localhost:8080","uri":"/users/profile","method":"GET","status":200,"user_agent":"PostmanRuntime/7.43.4"}
{"L":"\u001b[34mINFO\u001b[0m","T":"2025-06-12T19:41:25.226+0330","C":"middleware/zaplogger.go:47","M":"ok","remote_ip":"::1","latency":"755.875µs","host":"localhost:8080","uri":"/game/match-making","method":"POST","status":200,"user_agent":"PostmanRuntime/7.43.4"}
{"L":"\u001b[34mINFO\u001b[0m","T":"2025-06-12T19:41:25.392+0330","C":"middleware/zaplogger.go:47","M":"ok","remote_ip":"::1","latency":"153.552792ms","host":"localhost:8080","uri":"/users/login","method":"POST","status":200,"user_agent":"PostmanRuntime/7.43.4"}
{"L":"\u001b[34mINFO\u001b[0m","T":"2025-06-12T19:41:25.410+0330","C":"middleware/zaplogger.go:47","M":"ok","remote_ip":"::1","latency":"3.248709ms","host":"localhost:8080","uri":"/users/profile","method":"GET","status":200,"user_agent":"PostmanRuntime/7.43.4"}
{"L":"\u001b[34mINFO\u001b[0m","T":"2025-06-12T19:41:25.424+0330","C":"middleware/zaplogger.go:47","M":"ok","remote_ip":"::1","latency":"922.834µs","host":"localhost:8080","uri":"/game/match-making","method":"POST","status":200,"user_agent":"PostmanRuntime/7.43.4"}
{"L":"\u001b[34mINFO\u001b[0m","T":"2025-06-12T19:41:25.591+0330","C":"middleware/zaplogger.go:47","M":"ok","remote_ip":"::1","latency":"155.906416ms","host":"localhost:8080","uri":"/users/login","method":"POST","status":200,"user_agent":"PostmanRuntime/7.43.4"}
{"L":"\u001b[34mINFO\u001b[0m","T":"2025-06-12T19:41:25.605+0330","C":"middleware/zaplogger.go:47","M":"ok","remote_ip":"::1","latency":"2.18175ms","host":"localhost:8080","uri":"/users/profile","method":"GET","status":200,"user_agent":"PostmanRuntime/7.43.4"}
{"L":"\u001b[34mINFO\u001b[0m","T":"2025-06-12T19:41:25.617+0330","C":"middleware/zaplogger.go:47","M":"ok","remote_ip":"::1","latency":"1.07925ms","host":"localhost:8080","uri":"/game/match-making","method":"POST","status":200,"user_agent":"PostmanRuntime/7.43.4"}
{"L":"\u001b[34mINFO\u001b[0m","T":"2025-06-12T19:41:25.774+0330","C":"middleware/zaplogger.go:47","M":"ok","remote_ip":"::1","latency":"146.805875ms","host":"localhost:8080","uri":"/users/login","method":"POST","status":200,"user_agent":"PostmanRuntime/7.43.4"}
{"L":"\u001b[34mINFO\u001b[0m","T":"2025-06-12T19:41:25.790+0330","C":"middleware/zaplogger.go:47","M":"ok","remote_ip":"::1","latency":"3.022625ms","host":"localhost:8080","uri":"/users/profile","method":"GET","status":200,"user_agent":"PostmanRuntime/7.43.4"}
{"L":"\u001b[34mINFO\u001b[0m","T":"2025-06-12T19:41:25.803+0330","C":"middleware/zaplogger.go:47","M":"ok","remote_ip":"::1","latency":"1.166667ms","host":"localhost:8080","uri":"/game/match-making","method":"POST","status":200,"user_agent":"PostmanRuntime/7.43.4"}
{"L":"\u001b[34mINFO\u001b[0m","T":"2025-06-12T19:41:26.022+0330","C":"middleware/zaplogger.go:47","M":"ok","remote_ip":"::1","latency":"205.462708ms","host":"localhost:8080","uri":"/users/login","method":"POST","status":200,"user_agent":"PostmanRuntime/7.43.4"}
{"L":"\u001b[34mINFO\u001b[0m","T":"2025-06-12T19:41:26.036+0330","C":"middleware/zaplogger.go:47","M":"ok","remote_ip":"::1","latency":"1.63025ms","host":"localhost:8080","uri":"/users/profile","method":"GET","status":200,"user_agent":"PostmanRuntime/7.43.4"}
{"L":"\u001b[34mINFO\u001b[0m","T":"2025-06-12T19:41:26.051+0330","C":"middleware/zaplogger.go:47","M":"ok","remote_ip":"::1","latency":"1.127833ms","host":"localhost:8080","uri":"/game/match-making","method":"POST","status":200,"user_agent":"PostmanRuntime/7.43.4"}
{"L":"\u001b[34mINFO\u001b[0m","T":"2025-06-12T19:41:26.418+0330","C":"middleware/zaplogger.go:47","M":"ok","remote_ip":"::1","latency":"353.799458ms","host":"localhost:8080","uri":"/users/login","method":"POST","status":200,"user_agent":"PostmanRuntime/7.43.4"}
{"L":"\u001b[34mINFO\u001b[0m","T":"2025-06-12T19:41:26.435+0330","C":"middleware/zaplogger.go:47","M":"ok","remote_ip":"::1","latency":"3.49175ms","host":"localhost:8080","uri":"/users/profile","method":"GET","status":200,"user_agent":"PostmanRuntime/7.43.4"}
{"L":"\u001b[34mINFO\u001b[0m","T":"2025-06-12T19:41:26.452+0330","C":"middleware/zaplogger.go:47","M":"ok","remote_ip":"::1","latency":"3.606208ms","host":"localhost:8080","uri":"/game/match-making","method":"POST","status":200,"user_agent":"PostmanRuntime/7.43.4"}
{"L":"\u001b[34mINFO\u001b[0m","T":"2025-06-12T19:41:26.650+0330","C":"middleware/zaplogger.go:47","M":"ok","remote_ip":"::1","latency":"184.125916ms","host":"localhost:8080","uri":"/users/login","method":"POST","status":200,"user_agent":"PostmanRuntime/7.43.4"}
{"L":"\u001b[34mINFO\u001b[0m","T":"2025-06-12T19:41:26.673+0330","C":"middleware/zaplogger.go:47","M":"ok","remote_ip":"::1","latency":"6.840417ms","host":"localhost:8080","uri":"/users/profile","method":"GET","status":200,"user_agent":"PostmanRuntime/7.43.4"}
{"L":"\u001b[34mINFO\u001b[0m","T":"2025-06-12T19:41:26.693+0330","C":"middleware/zaplogger.go:47","M":"ok","remote_ip":"::1","latency":"2.386166ms","host":"localhost:8080","uri":"/game/match-making","method":"POST","status":200,"user_agent":"PostmanRuntime/7.43.4"}
{"L":"\u001b[34mINFO\u001b[0m","T":"2025-06-12T19:59:08.920+0330","C":"sync/once.go:76","M":"Logger initialized in development mode"}
{"L":"\u001b[34mINFO\u001b[0m","T":"2025-06-12T19:59:13.368+0330","C":"middleware/zaplogger.go:47","M":"ok","remote_ip":"::1","latency":"183.561333ms","host":"localhost:8080","uri":"/users/login","method":"POST","status":200,"user_agent":"PostmanRuntime/7.43.4"}
{"L":"\u001b[34mINFO\u001b[0m","T":"2025-06-12T19:59:13.410+0330","C":"middleware/zaplogger.go:47","M":"ok","remote_ip":"::1","latency":"3.402083ms","host":"localhost:8080","uri":"/users/profile","method":"GET","status":200,"user_agent":"PostmanRuntime/7.43.4"}
{"L":"\u001b[34mINFO\u001b[0m","T":"2025-06-12T19:59:13.426+0330","C":"middleware/zaplogger.go:47","M":"ok","remote_ip":"::1","latency":"1.459791ms","host":"localhost:8080","uri":"/game/match-making","method":"POST","status":200,"user_agent":"PostmanRuntime/7.43.4"}
{"L":"\u001b[34mINFO\u001b[0m","T":"2025-06-12T19:59:13.587+0330","C":"middleware/zaplogger.go:47","M":"ok","remote_ip":"::1","latency":"148.892459ms","host":"localhost:8080","uri":"/users/login","method":"POST","status":200,"user_agent":"PostmanRuntime/7.43.4"}
{"L":"\u001b[34mINFO\u001b[0m","T":"2025-06-12T19:59:13.600+0330","C":"middleware/zaplogger.go:47","M":"ok","remote_ip":"::1","latency":"1.57975ms","host":"localhost:8080","uri":"/users/profile","method":"GET","status":200,"user_agent":"PostmanRuntime/7.43.4"}
{"L":"\u001b[34mINFO\u001b[0m","T":"2025-06-12T19:59:13.612+0330","C":"middleware/zaplogger.go:47","M":"ok","remote_ip":"::1","latency":"643.916µs","host":"localhost:8080","uri":"/game/match-making","method":"POST","status":200,"user_agent":"PostmanRuntime/7.43.4"}
{"L":"\u001b[34mINFO\u001b[0m","T":"2025-06-12T19:59:13.903+0330","C":"middleware/zaplogger.go:47","M":"ok","remote_ip":"::1","latency":"278.559625ms","host":"localhost:8080","uri":"/users/login","method":"POST","status":200,"user_agent":"PostmanRuntime/7.43.4"}
{"L":"\u001b[34mINFO\u001b[0m","T":"2025-06-12T19:59:13.917+0330","C":"middleware/zaplogger.go:47","M":"ok","remote_ip":"::1","latency":"1.685959ms","host":"localhost:8080","uri":"/users/profile","method":"GET","status":200,"user_agent":"PostmanRuntime/7.43.4"}
{"L":"\u001b[34mINFO\u001b[0m","T":"2025-06-12T19:59:13.929+0330","C":"middleware/zaplogger.go:47","M":"ok","remote_ip":"::1","latency":"645.209µs","host":"localhost:8080","uri":"/game/match-making","method":"POST","status":200,"user_agent":"PostmanRuntime/7.43.4"}
{"L":"\u001b[34mINFO\u001b[0m","T":"2025-06-12T19:59:14.089+0330","C":"middleware/zaplogger.go:47","M":"ok","remote_ip":"::1","latency":"148.605375ms","host":"localhost:8080","uri":"/users/login","method":"POST","status":200,"user_agent":"PostmanRuntime/7.43.4"}
{"L":"\u001b[34mINFO\u001b[0m","T":"2025-06-12T19:59:14.104+0330","C":"middleware/zaplogger.go:47","M":"ok","remote_ip":"::1","latency":"2.25775ms","host":"localhost:8080","uri":"/users/profile","method":"GET","status":200,"user_agent":"PostmanRuntime/7.43.4"}
{"L":"\u001b[34mINFO\u001b[0m","T":"2025-06-12T19:59:14.117+0330","C":"middleware/zaplogger.go:47","M":"ok","remote_ip":"::1","latency":"1.979125ms","host":"localhost:8080","uri":"/game/match-making","method":"POST","status":200,"user_agent":"PostmanRuntime/7.43.4"}
{"L":"\u001b[34mINFO\u001b[0m","T":"2025-06-12T19:59:14.302+0330","C":"middleware/zaplogger.go:47","M":"ok","remote_ip":"::1","latency":"172.065542ms","host":"localhost:8080","uri":"/users/login","method":"POST","status":200,"user_agent":"PostmanRuntime/7.43.4"}
{"L":"\u001b[34mINFO\u001b[0m","T":"2025-06-12T19:59:14.316+0330","C":"middleware/zaplogger.go:47","M":"ok","remote_ip":"::1","latency":"2.778541ms","host":"localhost:8080","uri":"/users/profile","method":"GET","status":200,"user_agent":"PostmanRuntime/7.43.4"}
{"L":"\u001b[34mINFO\u001b[0m","T":"2025-06-12T19:59:14.333+0330","C":"middleware/zaplogger.go:47","M":"ok","remote_ip":"::1","latency":"6.165292ms","host":"localhost:8080","uri":"/game/match-making","method":"POST","status":200,"user_agent":"PostmanRuntime/7.43.4"}
{"L":"\u001b[34mINFO\u001b[0m","T":"2025-06-12T19:59:14.504+0330","C":"middleware/zaplogger.go:47","M":"ok","remote_ip":"::1","latency":"159.065417ms","host":"localhost:8080","uri":"/users/login","method":"POST","status":200,"user_agent":"PostmanRuntime/7.43.4"}
{"L":"\u001b[34mINFO\u001b[0m","T":"2025-06-12T19:59:14.518+0330","C":"middleware/zaplogger.go:47","M":"ok","remote_ip":"::1","latency":"2.166125ms","host":"localhost:8080","uri":"/users/profile","method":"GET","status":200,"user_agent":"PostmanRuntime/7.43.4"}
{"L":"\u001b[34mINFO\u001b[0m","T":"2025-06-12T19:59:14.529+0330","C":"middleware/zaplogger.go:47","M":"ok","remote_ip":"::1","latency":"912.667µs","host":"localhost:8080","uri":"/game/match-making","method":"POST","status":200,"user_agent":"PostmanRuntime/7.43.4"}
{"L":"\u001b[34mINFO\u001b[0m","T":"2025-06-12T19:59:14.693+0330","C":"middleware/zaplogger.go:47","M":"ok","remote_ip":"::1","latency":"151.444834ms","host":"localhost:8080","uri":"/users/login","method":"POST","status":200,"user_agent":"PostmanRuntime/7.43.4"}
{"L":"\u001b[34mINFO\u001b[0m","T":"2025-06-12T19:59:14.706+0330","C":"middleware/zaplogger.go:47","M":"ok","remote_ip":"::1","latency":"2.177084ms","host":"localhost:8080","uri":"/users/profile","method":"GET","status":200,"user_agent":"PostmanRuntime/7.43.4"}
{"L":"\u001b[34mINFO\u001b[0m","T":"2025-06-12T19:59:14.718+0330","C":"middleware/zaplogger.go:47","M":"ok","remote_ip":"::1","latency":"856.292µs","host":"localhost:8080","uri":"/game/match-making","method":"POST","status":200,"user_agent":"PostmanRuntime/7.43.4"}
{"L":"\u001b[34mINFO\u001b[0m","T":"2025-06-12T19:59:14.905+0330","C":"middleware/zaplogger.go:47","M":"ok","remote_ip":"::1","latency":"175.146666ms","host":"localhost:8080","uri":"/users/login","method":"POST","status":200,"user_agent":"PostmanRuntime/7.43.4"}
{"L":"\u001b[34mINFO\u001b[0m","T":"2025-06-12T19:59:14.919+0330","C":"middleware/zaplogger.go:47","M":"ok","remote_ip":"::1","latency":"1.836208ms","host":"localhost:8080","uri":"/users/profile","method":"GET","status":200,"user_agent":"PostmanRuntime/7.43.4"}
{"L":"\u001b[34mINFO\u001b[0m","T":"2025-06-12T19:59:14.931+0330","C":"middleware/zaplogger.go:47","M":"ok","remote_ip":"::1","latency":"711.416µs","host":"localhost:8080","uri":"/game/match-making","method":"POST","status":200,"user_agent":"PostmanRuntime/7.43.4"}
{"L":"\u001b[34mINFO\u001b[0m","T":"2025-06-12T19:59:15.114+0330","C":"middleware/zaplogger.go:47","M":"ok","remote_ip":"::1","latency":"172.238833ms","host":"localhost:8080","uri":"/users/login","method":"POST","status":200,"user_agent":"PostmanRuntime/7.43.4"}
{"L":"\u001b[34mINFO\u001b[0m","T":"2025-06-12T19:59:15.126+0330","C":"middleware/zaplogger.go:47","M":"ok","remote_ip":"::1","latency":"1.250542ms","host":"localhost:8080","uri":"/users/profile","method":"GET","status":200,"user_agent":"PostmanRuntime/7.43.4"}
{"L":"\u001b[34mINFO\u001b[0m","T":"2025-06-12T19:59:15.138+0330","C":"middleware/zaplogger.go:47","M":"ok","remote_ip":"::1","latency":"928.375µs","host":"localhost:8080","uri":"/game/match-making","method":"POST","status":200,"user_agent":"PostmanRuntime/7.43.4"}
{"L":"\u001b[34mINFO\u001b[0m","T":"2025-06-12T19:59:15.346+0330","C":"middleware/zaplogger.go:47","M":"ok","remote_ip":"::1","latency":"195.879666ms","host":"localhost:8080","uri":"/users/login","method":"POST","status":200,"user_agent":"PostmanRuntime/7.43.4"}
{"L":"\u001b[34mINFO\u001b[0m","T":"2025-06-12T19:59:15.365+0330","C":"middleware/zaplogger.go:47","M":"ok","remote_ip":"::1","latency":"2.790541ms","host":"localhost:8080","uri":"/users/profile","method":"GET","status":200,"user_agent":"PostmanRuntime/7.43.4"}
{"L":"\u001b[34mINFO\u001b[0m","T":"2025-06-12T19:59:15.378+0330","C":"middleware/zaplogger.go:47","M":"ok","remote_ip":"::1","latency":"954.708µs","host":"localhost:8080","uri":"/game/match-making","method":"POST","status":200,"user_agent":"PostmanRuntime/7.43.4"}
{"L":"\u001b[34mINFO\u001b[0m","T":"2025-06-12T19:59:15.569+0330","C":"middleware/zaplogger.go:47","M":"ok","remote_ip":"::1","latency":"177.790708ms","host":"localhost:8080","uri":"/users/login","method":"POST","status":200,"user_agent":"PostmanRuntime/7.43.4"}
{"L":"\u001b[34mINFO\u001b[0m","T":"2025-06-12T19:59:15.581+0330","C":"middleware/zaplogger.go:47","M":"ok","remote_ip":"::1","latency":"1.597375ms","host":"localhost:8080","uri":"/users/profile","method":"GET","status":200,"user_agent":"PostmanRuntime/7.43.4"}
{"L":"\u001b[34mINFO\u001b[0m","T":"2025-06-12T19:59:15.594+0330","C":"middleware/zaplogger.go:47","M":"ok","remote_ip":"::1","latency":"655.625µs","host":"localhost:8080","uri":"/game/match-making","method":"POST","status":200,"user_agent":"PostmanRuntime/7.43.4"}
{"L":"\u001b[34mINFO\u001b[0m","T":"2025-06-12T19:59:15.770+0330","C":"middleware/zaplogger.go:47","M":"ok","remote_ip":"::1","latency":"164.303625ms","host":"localhost:8080","uri":"/users/login","method":"POST","status":200,"user_agent":"PostmanRuntime/7.43.4"}
{"L":"\u001b[34mINFO\u001b[0m","T":"2025-06-12T19:59:15.802+0330","C":"middleware/zaplogger.go:47","M":"ok","remote_ip":"::1","latency":"8.202209ms","host":"localhost:8080","uri":"/users/profile","method":"GET","status":200,"user_agent":"PostmanRuntime/7.43.4"}
{"L":"\u001b[34mINFO\u001b[0m","T":"2025-06-12T19:59:15.826+0330","C":"middleware/zaplogger.go:47","M":"ok","remote_ip":"::1","latency":"1.086625ms","host":"localhost:8080","uri":"/game/match-making","method":"POST","status":200,"user_agent":"PostmanRuntime/7.43.4"}
{"L":"\u001b[34mINFO\u001b[0m","T":"2025-06-12T19:59:16.315+0330","C":"middleware/zaplogger.go:47","M":"ok","remote_ip":"::1","latency":"474.981083ms","host":"localhost:8080","uri":"/users/login","method":"POST","status":200,"user_agent":"PostmanRuntime/7.43.4"}
{"L":"\u001b[34mINFO\u001b[0m","T":"2025-06-12T19:59:16.365+0330","C":"middleware/zaplogger.go:47","M":"ok","remote_ip":"::1","latency":"5.893459ms","host":"localhost:8080","uri":"/users/profile","method":"GET","status":200,"user_agent":"PostmanRuntime/7.43.4"}
{"L":"\u001b[34mINFO\u001b[0m","T":"2025-06-12T19:59:16.378+0330","C":"middleware/zaplogger.go:47","M":"ok","remote_ip":"::1","latency":"860.583µs","host":"localhost:8080","uri":"/game/match-making","method":"POST","status":200,"user_agent":"PostmanRuntime/7.43.4"}
{"L":"\u001b[34mINFO\u001b[0m","T":"2025-06-12T19:59:16.566+0330","C":"middleware/zaplogger.go:47","M":"ok","remote_ip":"::1","latency":"176.051167ms","host":"localhost:8080","uri":"/users/login","method":"POST","status":200,"user_agent":"PostmanRuntime/7.43.4"}
{"L":"\u001b[34mINFO\u001b[0m","T":"2025-06-12T19:59:16.632+0330","C":"middleware/zaplogger.go:47","M":"ok","remote_ip":"::1","latency":"5.586167ms","host":"localhost:8080","uri":"/users/profile","method":"GET","status":200,"user_agent":"PostmanRuntime/7.43.4"}
{"L":"\u001b[34mINFO\u001b[0m","T":"2025-06-12T19:59:16.651+0330","C":"middleware/zaplogger.go:47","M":"ok","remote_ip":"::1","latency":"801µs","host":"localhost:8080","uri":"/game/match-making","method":"POST","status":200,"user_agent":"PostmanRuntime/7.43.4"}
{"L":"\u001b[34mINFO\u001b[0m","T":"2025-06-12T19:59:16.858+0330","C":"middleware/zaplogger.go:47","M":"ok","remote_ip":"::1","latency":"188.353833ms","host":"localhost:8080","uri":"/users/login","method":"POST","status":200,"user_agent":"PostmanRuntime/7.43.4"}
{"L":"\u001b[34mINFO\u001b[0m","T":"2025-06-12T19:59:16.873+0330","C":"middleware/zaplogger.go:47","M":"ok","remote_ip":"::1","latency":"2.18475ms","host":"localhost:8080","uri":"/users/profile","method":"GET","status":200,"user_agent":"PostmanRuntime/7.43.4"}
{"L":"\u001b[34mINFO\u001b[0m","T":"2025-06-12T19:59:16.887+0330","C":"middleware/zaplogger.go:47","M":"ok","remote_ip":"::1","latency":"2.21975ms","host":"localhost:8080","uri":"/game/match-making","method":"POST","status":200,"user_agent":"PostmanRuntime/7.43.4"}
{"L":"\u001b[34mINFO\u001b[0m","T":"2025-06-12T20:05:20.355+0330","C":"sync/once.go:76","M":"Logger initialized in development mode"}
{"L":"\u001b[34mINFO\u001b[0m","T":"2025-06-12T20:05:27.940+0330","C":"middleware/zaplogger.go:47","M":"ok","remote_ip":"::1","latency":"187.680792ms","host":"localhost:8080","uri":"/users/login","method":"POST","status":200,"user_agent":"PostmanRuntime/7.43.4"}
{"L":"\u001b[34mINFO\u001b[0m","T":"2025-06-12T20:05:28.066+0330","C":"middleware/zaplogger.go:47","M":"ok","remote_ip":"::1","latency":"86.032166ms","host":"localhost:8080","uri":"/users/profile","method":"GET","status":200,"user_agent":"PostmanRuntime/7.43.4"}
{"L":"\u001b[34mINFO\u001b[0m","T":"2025-06-12T20:05:28.132+0330","C":"middleware/zaplogger.go:47","M":"ok","remote_ip":"::1","latency":"2.208542ms","host":"localhost:8080","uri":"/game/match-making","method":"POST","status":200,"user_agent":"PostmanRuntime/7.43.4"}
{"L":"\u001b[34mINFO\u001b[0m","T":"2025-06-12T20:05:28.335+0330","C":"middleware/zaplogger.go:47","M":"ok","remote_ip":"::1","latency":"186.784458ms","host":"localhost:8080","uri":"/users/login","method":"POST","status":200,"user_agent":"PostmanRuntime/7.43.4"}
{"L":"\u001b[34mINFO\u001b[0m","T":"2025-06-12T20:05:28.368+0330","C":"middleware/zaplogger.go:47","M":"ok","remote_ip":"::1","latency":"1.385625ms","host":"localhost:8080","uri":"/users/profile","method":"GET","status":200,"user_agent":"PostmanRuntime/7.43.4"}
{"L":"\u001b[34mINFO\u001b[0m","T":"2025-06-12T20:05:28.381+0330","C":"middleware/zaplogger.go:47","M":"ok","remote_ip":"::1","latency":"533.666µs","host":"localhost:8080","uri":"/game/match-making","method":"POST","status":200,"user_agent":"PostmanRuntime/7.43.4"}
{"L":"\u001b[34mINFO\u001b[0m","T":"2025-06-12T20:05:28.541+0330","C":"middleware/zaplogger.go:47","M":"ok","remote_ip":"::1","latency":"147.442125ms","host":"localhost:8080","uri":"/users/login","method":"POST","status":200,"user_agent":"PostmanRuntime/7.43.4"}
{"L":"\u001b[34mINFO\u001b[0m","T":"2025-06-12T20:05:28.557+0330","C":"middleware/zaplogger.go:47","M":"ok","remote_ip":"::1","latency":"2.549417ms","host":"localhost:8080","uri":"/users/profile","method":"GET","status":200,"user_agent":"PostmanRuntime/7.43.4"}
{"L":"\u001b[34mINFO\u001b[0m","T":"2025-06-12T20:05:28.569+0330","C":"middleware/zaplogger.go:47","M":"ok","remote_ip":"::1","latency":"967.208µs","host":"localhost:8080","uri":"/game/match-making","method":"POST","status":200,"user_agent":"PostmanRuntime/7.43.4"}
{"L":"\u001b[34mINFO\u001b[0m","T":"2025-06-12T20:05:28.730+0330","C":"middleware/zaplogger.go:47","M":"ok","remote_ip":"::1","latency":"150.203458ms","host":"localhost:8080","uri":"/users/login","method":"POST","status":200,"user_agent":"PostmanRuntime/7.43.4"}
{"L":"\u001b[34mINFO\u001b[0m","T":"2025-06-12T20:05:28.746+0330","C":"middleware/zaplogger.go:47","M":"ok","remote_ip":"::1","latency":"2.678208ms","host":"localhost:8080","uri":"/users/profile","method":"GET","status":200,"user_agent":"PostmanRuntime/7.43.4"}
{"L":"\u001b[34mINFO\u001b[0m","T":"2025-06-12T20:05:28.760+0330","C":"middleware/zaplogger.go:47","M":"ok","remote_ip":"::1","latency":"1.287333ms","host":"localhost:8080","uri":"/game/match-making","method":"POST","status":200,"user_agent":"PostmanRuntime/7.43.4"}
{"L":"\u001b[34mINFO\u001b[0m","T":"2025-06-12T20:05:28.927+0330","C":"middleware/zaplogger.go:47","M":"ok","remote_ip":"::1","latency":"154.893208ms","host":"localhost:8080","uri":"/users/login","method":"POST","status":200,"user_agent":"PostmanRuntime/7.43.4"}
{"L":"\u001b[34mINFO\u001b[0m","T":"2025-06-12T20:05:28.944+0330","C":"middleware/zaplogger.go:47","M":"ok","remote_ip":"::1","latency":"5.368334ms","host":"localhost:8080","uri":"/users/profile","method":"GET","status":200,"user_agent":"PostmanRuntime/7.43.4"}
{"L":"\u001b[34mINFO\u001b[0m","T":"2025-06-12T20:05:28.955+0330","C":"middleware/zaplogger.go:47","M":"ok","remote_ip":"::1","latency":"548.333µs","host":"localhost:8080","uri":"/game/match-making","method":"POST","status":200,"user_agent":"PostmanRuntime/7.43.4"}
{"L":"\u001b[34mINFO\u001b[0m","T":"2025-06-12T20:05:29.121+0330","C":"middleware/zaplogger.go:47","M":"ok","remote_ip":"::1","latency":"154.75425ms","host":"localhost:8080","uri":"/users/login","method":"POST","status":200,"user_agent":"PostmanRuntime/7.43.4"}
{"L":"\u001b[34mINFO\u001b[0m","T":"2025-06-12T20:05:29.136+0330","C":"middleware/zaplogger.go:47","M":"ok","remote_ip":"::1","latency":"2.697208ms","host":"localhost:8080","uri":"/users/profile","method":"GET","status":200,"user_agent":"PostmanRuntime/7.43.4"}
{"L":"\u001b[34mINFO\u001b[0m","T":"2025-06-12T20:05:29.148+0330","C":"middleware/zaplogger.go:47","M":"ok","remote_ip":"::1","latency":"791.125µs","host":"localhost:8080","uri":"/game/match-making","method":"POST","status":200,"user_agent":"PostmanRuntime/7.43.4"}
{"L":"\u001b[34mINFO\u001b[0m","T":"2025-06-12T20:05:29.317+0330","C":"middleware/zaplogger.go:47","M":"ok","remote_ip":"::1","latency":"156.61325ms","host":"localhost:8080","uri":"/users/login","method":"POST","status":200,"user_agent":"PostmanRuntime/7.43.4"}
{"L":"\u001b[34mINFO\u001b[0m","T":"2025-06-12T20:05:29.330+0330","C":"middleware/zaplogger.go:47","M":"ok","remote_ip":"::1","latency":"2.056541ms","host":"localhost:8080","uri":"/users/profile","method":"GET","status":200,"user_agent":"PostmanRuntime/7.43.4"}
{"L":"\u001b[34mINFO\u001b[0m","T":"2025-06-12T20:05:29.341+0330","C":"middleware/zaplogger.go:47","M":"ok","remote_ip":"::1","latency":"624.166µs","host":"localhost:8080","uri":"/game/match-making","method":"POST","status":200,"user_agent":"PostmanRuntime/7.43.4"}
{"L":"\u001b[34mINFO\u001b[0m","T":"2025-06-12T20:05:29.503+0330","C":"middleware/zaplogger.go:47","M":"ok","remote_ip":"::1","latency":"151.586167ms","host":"localhost:8080","uri":"/users/login","method":"POST","status":200,"user_agent":"PostmanRuntime/7.43.4"}
{"L":"\u001b[34mINFO\u001b[0m","T":"2025-06-12T20:05:29.519+0330","C":"middleware/zaplogger.go:47","M":"ok","remote_ip":"::1","latency":"2.877541ms","host":"localhost:8080","uri":"/users/profile","method":"GET","status":200,"user_agent":"PostmanRuntime/7.43.4"}
{"L":"\u001b[34mINFO\u001b[0m","T":"2025-06-12T20:05:29.531+0330","C":"middleware/zaplogger.go:47","M":"ok","remote_ip":"::1","latency":"1.275959ms","host":"localhost:8080","uri":"/game/match-making","method":"POST","status":200,"user_agent":"PostmanRuntime/7.43.4"}
{"L":"\u001b[34mINFO\u001b[0m","T":"2025-06-12T20:05:29.709+0330","C":"middleware/zaplogger.go:47","M":"ok","remote_ip":"::1","latency":"167.718542ms","host":"localhost:8080","uri":"/users/login","method":"POST","status":200,"user_agent":"PostmanRuntime/7.43.4"}
{"L":"\u001b[34mINFO\u001b[0m","T":"2025-06-12T20:05:29.719+0330","C":"middleware/zaplogger.go:47","M":"ok","remote_ip":"::1","latency":"1.651416ms","host":"localhost:8080","uri":"/users/profile","method":"GET","status":200,"user_agent":"PostmanRuntime/7.43.4"}
{"L":"\u001b[34mINFO\u001b[0m","T":"2025-06-12T20:05:29.729+0330","C":"middleware/zaplogger.go:47","M":"ok","remote_ip":"::1","latency":"654.208µs","host":"localhost:8080","uri":"/game/match-making","method":"POST","status":200,"user_agent":"PostmanRuntime/7.43.4"}
{"L":"\u001b[34mINFO\u001b[0m","T":"2025-06-12T20:05:29.891+0330","C":"middleware/zaplogger.go:47","M":"ok","remote_ip":"::1","latency":"151.438416ms","host":"localhost:8080","uri":"/users/login","method":"POST","status":200,"user_agent":"PostmanRuntime/7.43.4"}
{"L":"\u001b[34mINFO\u001b[0m","T":"2025-06-12T20:05:29.906+0330","C":"middleware/zaplogger.go:47","M":"ok","remote_ip":"::1","latency":"2.690167ms","host":"localhost:8080","uri":"/users/profile","method":"GET","status":200,"user_agent":"PostmanRuntime/7.43.4"}
{"L":"\u001b[34mINFO\u001b[0m","T":"2025-06-12T20:05:29.918+0330","C":"middleware/zaplogger.go:47","M":"ok","remote_ip":"::1","latency":"914.584µs","host":"localhost:8080","uri":"/game/match-making","method":"POST","status":200,"user_agent":"PostmanRuntime/7.43.4"}
{"L":"\u001b[34mINFO\u001b[0m","T":"2025-06-12T20:05:30.078+0330","C":"middleware/zaplogger.go:47","M":"ok","remote_ip":"::1","latency":"147.648792ms","host":"localhost:8080","uri":"/users/login","method":"POST","status":200,"user_agent":"PostmanRuntime/7.43.4"}
{"L":"\u001b[34mINFO\u001b[0m","T":"2025-06-12T20:05:30.093+0330","C":"middleware/zaplogger.go:47","M":"ok","remote_ip":"::1","latency":"2.264041ms","host":"localhost:8080","uri":"/users/profile","method":"GET","status":200,"user_agent":"PostmanRuntime/7.43.4"}
{"L":"\u001b[34mINFO\u001b[0m","T":"2025-06-12T20:05:30.105+0330","C":"middleware/zaplogger.go:47","M":"ok","remote_ip":"::1","latency":"866.417µs","host":"localhost:8080","uri":"/game/match-making","method":"POST","status":200,"user_agent":"PostmanRuntime/7.43.4"}
{"L":"\u001b[34mINFO\u001b[0m","T":"2025-06-12T20:05:30.279+0330","C":"middleware/zaplogger.go:47","M":"ok","remote_ip":"::1","latency":"160.788041ms","host":"localhost:8080","uri":"/users/login","method":"POST","status":200,"user_agent":"PostmanRuntime/7.43.4"}
{"L":"\u001b[34mINFO\u001b[0m","T":"2025-06-12T20:05:30.294+0330","C":"middleware/zaplogger.go:47","M":"ok","remote_ip":"::1","latency":"2.359583ms","host":"localhost:8080","uri":"/users/profile","method":"GET","status":200,"user_agent":"PostmanRuntime/7.43.4"}
{"L":"\u001b[34mINFO\u001b[0m","T":"2025-06-12T20:05:30.305+0330","C":"middleware/zaplogger.go:47","M":"ok","remote_ip":"::1","latency":"888.334µs","host":"localhost:8080","uri":"/game/match-making","method":"POST","status":200,"user_agent":"PostmanRuntime/7.43.4"}
{"L":"\u001b[34mINFO\u001b[0m","T":"2025-06-12T20:05:30.658+0330","C":"middleware/zaplogger.go:47","M":"ok","remote_ip":"::1","latency":"340.231291ms","host":"localhost:8080","uri":"/users/login","method":"POST","status":200,"user_agent":"PostmanRuntime/7.43.4"}
{"L":"\u001b[34mINFO\u001b[0m","T":"2025-06-12T20:05:30.676+0330","C":"middleware/zaplogger.go:47","M":"ok","remote_ip":"::1","latency":"3.338208ms","host":"localhost:8080","uri":"/users/profile","method":"GET","status":200,"user_agent":"PostmanRuntime/7.43.4"}
{"L":"\u001b[34mINFO\u001b[0m","T":"2025-06-12T20:05:30.696+0330","C":"middleware/zaplogger.go:47","M":"ok","remote_ip":"::1","latency":"4.078666ms","host":"localhost:8080","uri":"/game/match-making","method":"POST","status":200,"user_agent":"PostmanRuntime/7.43.4"}
{"L":"\u001b[34mINFO\u001b[0m","T":"2025-06-12T20:05:30.979+0330","C":"middleware/zaplogger.go:47","M":"ok","remote_ip":"::1","latency":"207.478041ms","host":"localhost:8080","uri":"/users/login","method":"POST","status":200,"user_agent":"PostmanRuntime/7.43.4"}
{"L":"\u001b[34mINFO\u001b[0m","T":"2025-06-12T20:05:30.998+0330","C":"middleware/zaplogger.go:47","M":"ok","remote_ip":"::1","latency":"3.037334ms","host":"localhost:8080","uri":"/users/profile","method":"GET","status":200,"user_agent":"PostmanRuntime/7.43.4"}
{"L":"\u001b[34mINFO\u001b[0m","T":"2025-06-12T20:05:31.010+0330","C":"middleware/zaplogger.go:47","M":"ok","remote_ip":"::1","latency":"1.150333ms","host":"localhost:8080","uri":"/game/match-making","method":"POST","status":200,"user_agent":"PostmanRuntime/7.43.4"}
{"L":"\u001b[34mINFO\u001b[0m","T":"2025-06-12T20:05:31.183+0330","C":"middleware/zaplogger.go:47","M":"ok","remote_ip":"::1","latency":"157.135625ms","host":"localhost:8080","uri":"/users/login","method":"POST","status":200,"user_agent":"PostmanRuntime/7.43.4"}
{"L":"\u001b[34mINFO\u001b[0m","T":"2025-06-12T20:05:31.199+0330","C":"middleware/zaplogger.go:47","M":"ok","remote_ip":"::1","latency":"3.401625ms","host":"localhost:8080","uri":"/users/profile","method":"GET","status":200,"user_agent":"PostmanRuntime/7.43.4"}
{"L":"\u001b[34mINFO\u001b[0m","T":"2025-06-12T20:05:31.211+0330","C":"middleware/zaplogger.go:47","M":"ok","remote_ip":"::1","latency":"1.446667ms","host":"localhost:8080","uri":"/game/match-making","method":"POST","status":200,"user_agent":"PostmanRuntime/7.43.4"}
